INFO:root:Database initialized
INFO:root:Got availability
INFO:root:Checked availability
INFO:root:Submitted booking
INFO:root:Database initialized
INFO:root:Got availability
INFO:root:Checked availability
INFO:root:Submitted booking
INFO:root:Database initialized
INFO:root:Database initialized
INFO:root:Got availability
INFO:root:Checked availability
INFO:root:Submitted booking
INFO:root:Database initialized
INFO:root:Got availability
INFO:root:Checked availability
INFO:root:Database initialized
INFO:root:Database initialized
INFO:root:Database initialized
INFO:root:Database initialized
INFO:root:Database initialized
INFO:root:Database initialized
INFO:root:Database initialized
INFO:root:Database initialized
INFO:root:Database initialized
INFO:root:Database initialized
INFO:root:Got availability
INFO:root:Checked availability
INFO:root:Submitted booking
INFO:root:Database initialized
INFO:root:Database initialized
INFO:root:Database initialized
INFO:root:Database initialized
INFO:root:Database initialized
INFO:root:Database initialized
INFO:root:Database initialized
INFO:root:Database initialized
INFO:root:Database initialized
INFO:root:Got availability
INFO:root:Checked availability
INFO:root:Submitted booking
INFO:root:Database initialized
INFO:root:Database initialized
INFO:root:Database initialized
INFO:root:Got availability
INFO:root:Checked availability
INFO:root:Submitted booking
INFO:root:Database initialized
INFO:root:Database initialized
INFO:root:Got availability
INFO:root:Checked availability
INFO:root:Got availability
INFO:root:Checked availability
INFO:root:Submitted booking
INFO:root:Database initialized
INFO:root:Submitted booking
INFO:root:Database initialized
INFO:root:Got availability
INFO:root:Checked availability
INFO:root:Database initialized
INFO:root:Got availability
INFO:root:Checked availability
INFO:root:Database initialized
INFO:root:Got availability
INFO:root:Checked availability
INFO:root:Got availability
INFO:root:Checked availability
INFO:root:Database initialized
INFO:root:Got availability
INFO:root:Checked availability
INFO:root:Submitted booking
INFO:root:Database initialized
INFO:root:Got availability
INFO:root:Checked availability
INFO:root:Submitted booking
INFO:root:Database initialized
INFO:root:Got availability
INFO:root:Checked availability
INFO:root:Submitted booking
INFO:root:Database initialized
INFO:root:Got availability
INFO:root:Checked availability
INFO:root:Submitted booking
INFO:root:Database initialized
INFO:root:Database initialized
INFO:root:Database initialized
INFO:root:Database initialized
INFO:root:Database initialized
INFO:root:Database initialized
INFO:root:Database initialized
INFO:root:Got availability
INFO:root:Checked availability
INFO:root:Submitted booking
INFO:root:Database initialized
INFO:root:Database initialized
INFO:root:Database initialized
INFO:root:Database initialized
INFO:root:Database initialized
INFO:root:Database initialized
INFO:root:Database initialized
INFO:root:Database initialized
INFO:root:Database initialized
INFO:root:Database initialized
INFO:root:Database initialized
